mode: set
C:\Users\Rickard\Documents\GitHub\D7024E\datahandler.go:11.41,12.6 1 1
C:\Users\Rickard\Documents\GitHub\D7024E\datahandler.go:12.6,14.41 2 1
C:\Users\Rickard\Documents\GitHub\D7024E\datahandler.go:14.41,18.4 2 1
C:\Users\Rickard\Documents\GitHub\D7024E\datahandler.go:18.9,18.56 1 1
C:\Users\Rickard\Documents\GitHub\D7024E\datahandler.go:18.56,22.4 2 0
C:\Users\Rickard\Documents\GitHub\D7024E\datahandler.go:22.9,22.48 1 1
C:\Users\Rickard\Documents\GitHub\D7024E\datahandler.go:22.48,25.4 2 1
C:\Users\Rickard\Documents\GitHub\D7024E\datahandler.go:25.9,25.56 1 1
C:\Users\Rickard\Documents\GitHub\D7024E\datahandler.go:25.56,39.39 13 1
C:\Users\Rickard\Documents\GitHub\D7024E\datahandler.go:45.4,45.71 1 1
C:\Users\Rickard\Documents\GitHub\D7024E\datahandler.go:39.39,44.5 4 1
C:\Users\Rickard\Documents\GitHub\D7024E\datahandler.go:46.9,46.52 1 1
C:\Users\Rickard\Documents\GitHub\D7024E\datahandler.go:46.52,52.46 5 1
C:\Users\Rickard\Documents\GitHub\D7024E\datahandler.go:52.46,56.5 3 1
C:\Users\Rickard\Documents\GitHub\D7024E\datahandler.go:56.10,60.107 4 1
C:\Users\Rickard\Documents\GitHub\D7024E\datahandler.go:60.107,64.6 2 1
C:\Users\Rickard\Documents\GitHub\D7024E\datahandler.go:66.9,66.53 1 1
C:\Users\Rickard\Documents\GitHub\D7024E\datahandler.go:66.53,71.4 4 0
C:\Users\Rickard\Documents\GitHub\D7024E\datahandler.go:71.9,71.48 1 1
C:\Users\Rickard\Documents\GitHub\D7024E\datahandler.go:71.48,84.4 11 1
C:\Users\Rickard\Documents\GitHub\D7024E\datahandler.go:84.9,84.56 1 1
C:\Users\Rickard\Documents\GitHub\D7024E\datahandler.go:84.56,94.4 8 0
C:\Users\Rickard\Documents\GitHub\D7024E\datahandler.go:94.9,94.48 1 1
C:\Users\Rickard\Documents\GitHub\D7024E\datahandler.go:94.48,102.4 6 1
C:\Users\Rickard\Documents\GitHub\D7024E\datahandler.go:102.9,102.56 1 0
C:\Users\Rickard\Documents\GitHub\D7024E\datahandler.go:102.56,110.4 6 0
C:\Users\Rickard\Documents\GitHub\D7024E\datahandler.go:110.9,110.54 1 0
C:\Users\Rickard\Documents\GitHub\D7024E\datahandler.go:110.54,111.9 1 0
C:\Users\Rickard\Documents\GitHub\D7024E\datahandler.go:112.9,114.4 1 0
C:\Users\Rickard\Documents\GitHub\D7024E\datahandler.go:118.61,132.2 13 1
C:\Users\Rickard\Documents\GitHub\D7024E\kademlia.go:25.41,34.2 7 1
C:\Users\Rickard\Documents\GitHub\D7024E\kademlia.go:37.75,38.56 1 1
C:\Users\Rickard\Documents\GitHub\D7024E\kademlia.go:38.56,45.51 7 1
C:\Users\Rickard\Documents\GitHub\D7024E\kademlia.go:45.51,48.4 2 1
C:\Users\Rickard\Documents\GitHub\D7024E\kademlia.go:49.8,49.42 1 1
C:\Users\Rickard\Documents\GitHub\D7024E\kademlia.go:49.42,51.51 2 1
C:\Users\Rickard\Documents\GitHub\D7024E\kademlia.go:51.51,52.70 1 1
C:\Users\Rickard\Documents\GitHub\D7024E\kademlia.go:52.70,55.5 2 1
C:\Users\Rickard\Documents\GitHub\D7024E\kademlia.go:62.102,63.36 1 1
C:\Users\Rickard\Documents\GitHub\D7024E\kademlia.go:82.2,82.73 1 1
C:\Users\Rickard\Documents\GitHub\D7024E\kademlia.go:101.2,101.66 1 1
C:\Users\Rickard\Documents\GitHub\D7024E\kademlia.go:63.36,65.44 2 1
C:\Users\Rickard\Documents\GitHub\D7024E\kademlia.go:65.44,72.46 7 1
C:\Users\Rickard\Documents\GitHub\D7024E\kademlia.go:75.4,75.49 1 1
C:\Users\Rickard\Documents\GitHub\D7024E\kademlia.go:72.46,74.5 1 1
C:\Users\Rickard\Documents\GitHub\D7024E\kademlia.go:75.49,79.5 1 1
C:\Users\Rickard\Documents\GitHub\D7024E\kademlia.go:82.73,83.73 1 1
C:\Users\Rickard\Documents\GitHub\D7024E\kademlia.go:83.73,89.4 4 0
C:\Users\Rickard\Documents\GitHub\D7024E\kademlia.go:89.9,94.4 4 1
C:\Users\Rickard\Documents\GitHub\D7024E\kademlia.go:95.8,100.3 4 1
C:\Users\Rickard\Documents\GitHub\D7024E\kademlia.go:101.66,106.3 4 1
C:\Users\Rickard\Documents\GitHub\D7024E\kademlia.go:109.51,110.36 1 0
C:\Users\Rickard\Documents\GitHub\D7024E\kademlia.go:110.36,112.3 1 0
C:\Users\Rickard\Documents\GitHub\D7024E\kademlia.go:112.8,118.3 4 0
C:\Users\Rickard\Documents\GitHub\D7024E\kademlia.go:121.59,129.6 8 1
C:\Users\Rickard\Documents\GitHub\D7024E\kademlia.go:130.2,131.42 2 1
C:\Users\Rickard\Documents\GitHub\D7024E\kademlia.go:129.6,129.38 1 1
C:\Users\Rickard\Documents\GitHub\D7024E\kademlia.go:129.38,129.44 1 1
C:\Users\Rickard\Documents\GitHub\D7024E\kademlia.go:131.42,134.3 2 1
C:\Users\Rickard\Documents\GitHub\D7024E\kademlia.go:137.66,139.2 1 0
C:\Users\Rickard\Documents\GitHub\D7024E\kademlia.go:141.54,144.2 2 1
C:\Users\Rickard\Documents\GitHub\D7024E\kademlia.go:146.62,152.2 5 0
C:\Users\Rickard\Documents\GitHub\D7024E\kademlia.go:166.50,167.25 1 1
C:\Users\Rickard\Documents\GitHub\D7024E\kademlia.go:176.2,176.14 1 0
C:\Users\Rickard\Documents\GitHub\D7024E\kademlia.go:167.25,168.26 1 1
C:\Users\Rickard\Documents\GitHub\D7024E\kademlia.go:168.26,169.44 1 1
C:\Users\Rickard\Documents\GitHub\D7024E\kademlia.go:169.44,171.5 1 1
C:\Users\Rickard\Documents\GitHub\D7024E\kademlia.go:172.15,174.4 1 1
C:\Users\Rickard\Documents\GitHub\D7024E\kademlia.go:179.44,180.25 1 1
C:\Users\Rickard\Documents\GitHub\D7024E\kademlia.go:185.5,185.17 1 1
C:\Users\Rickard\Documents\GitHub\D7024E\kademlia.go:180.25,181.31 1 1
C:\Users\Rickard\Documents\GitHub\D7024E\kademlia.go:181.31,183.10 1 1
C:\Users\Rickard\Documents\GitHub\D7024E\main.go:13.41,15.15 1 0
C:\Users\Rickard\Documents\GitHub\D7024E\main.go:18.2,18.6 1 0
C:\Users\Rickard\Documents\GitHub\D7024E\main.go:15.15,16.7 1 0
C:\Users\Rickard\Documents\GitHub\D7024E\main.go:16.8,16.9 0 0
C:\Users\Rickard\Documents\GitHub\D7024E\main.go:18.6,24.20 3 0
C:\Users\Rickard\Documents\GitHub\D7024E\main.go:24.20,26.4 1 0
C:\Users\Rickard\Documents\GitHub\D7024E\main.go:26.9,26.30 1 0
C:\Users\Rickard\Documents\GitHub\D7024E\main.go:26.30,31.4 4 0
C:\Users\Rickard\Documents\GitHub\D7024E\main.go:31.9,31.30 1 0
C:\Users\Rickard\Documents\GitHub\D7024E\main.go:31.30,33.4 1 0
C:\Users\Rickard\Documents\GitHub\D7024E\main.go:33.9,33.32 1 0
C:\Users\Rickard\Documents\GitHub\D7024E\main.go:33.32,45.4 11 0
C:\Users\Rickard\Documents\GitHub\D7024E\main.go:45.9,45.29 1 0
C:\Users\Rickard\Documents\GitHub\D7024E\main.go:45.29,51.4 5 0
C:\Users\Rickard\Documents\GitHub\D7024E\main.go:51.9,51.29 1 0
C:\Users\Rickard\Documents\GitHub\D7024E\main.go:51.29,57.4 5 0
C:\Users\Rickard\Documents\GitHub\D7024E\main.go:57.9,57.30 1 0
C:\Users\Rickard\Documents\GitHub\D7024E\main.go:57.30,60.9 3 0
C:\Users\Rickard\Documents\GitHub\D7024E\main.go:65.13,100.38 8 0
C:\Users\Rickard\Documents\GitHub\D7024E\main.go:111.2,116.27 5 0
C:\Users\Rickard\Documents\GitHub\D7024E\main.go:120.2,120.19 1 0
C:\Users\Rickard\Documents\GitHub\D7024E\main.go:100.38,102.3 1 0
C:\Users\Rickard\Documents\GitHub\D7024E\main.go:102.8,104.3 1 0
C:\Users\Rickard\Documents\GitHub\D7024E\main.go:116.27,119.3 1 0
C:\Users\Rickard\Documents\GitHub\D7024E\network.go:21.76,29.2 7 1
C:\Users\Rickard\Documents\GitHub\D7024E\network.go:42.47,45.16 2 0
C:\Users\Rickard\Documents\GitHub\D7024E\network.go:50.2,50.30 1 0
C:\Users\Rickard\Documents\GitHub\D7024E\network.go:58.2,58.11 1 0
C:\Users\Rickard\Documents\GitHub\D7024E\network.go:45.16,48.3 2 0
C:\Users\Rickard\Documents\GitHub\D7024E\network.go:50.30,52.70 1 0
C:\Users\Rickard\Documents\GitHub\D7024E\network.go:52.70,53.29 1 0
C:\Users\Rickard\Documents\GitHub\D7024E\network.go:53.29,55.5 1 0
C:\Users\Rickard\Documents\GitHub\D7024E\network.go:61.46,64.18 2 0
C:\Users\Rickard\Documents\GitHub\D7024E\network.go:68.2,68.48 1 0
C:\Users\Rickard\Documents\GitHub\D7024E\network.go:71.2,71.24 1 0
C:\Users\Rickard\Documents\GitHub\D7024E\network.go:64.18,67.3 2 0
C:\Users\Rickard\Documents\GitHub\D7024E\network.go:68.48,70.3 1 0
C:\Users\Rickard\Documents\GitHub\D7024E\network.go:74.57,77.16 3 0
C:\Users\Rickard\Documents\GitHub\D7024E\network.go:80.2,81.6 2 0
C:\Users\Rickard\Documents\GitHub\D7024E\network.go:77.16,79.3 1 0
C:\Users\Rickard\Documents\GitHub\D7024E\network.go:81.6,83.17 2 0
C:\Users\Rickard\Documents\GitHub\D7024E\network.go:86.3,86.23 1 0
C:\Users\Rickard\Documents\GitHub\D7024E\network.go:83.17,85.4 1 0
C:\Users\Rickard\Documents\GitHub\D7024E\network.go:86.23,89.18 3 0
C:\Users\Rickard\Documents\GitHub\D7024E\network.go:93.4,94.13 2 0
C:\Users\Rickard\Documents\GitHub\D7024E\network.go:89.18,90.15 1 0
C:\Users\Rickard\Documents\GitHub\D7024E\network.go:99.42,103.16 3 0
C:\Users\Rickard\Documents\GitHub\D7024E\network.go:106.2,107.6 2 0
C:\Users\Rickard\Documents\GitHub\D7024E\network.go:103.16,105.3 1 0
C:\Users\Rickard\Documents\GitHub\D7024E\network.go:107.6,109.17 2 0
C:\Users\Rickard\Documents\GitHub\D7024E\network.go:112.3,112.23 1 0
C:\Users\Rickard\Documents\GitHub\D7024E\network.go:109.17,111.4 1 0
C:\Users\Rickard\Documents\GitHub\D7024E\network.go:112.23,115.18 3 0
C:\Users\Rickard\Documents\GitHub\D7024E\network.go:119.4,120.13 2 0
C:\Users\Rickard\Documents\GitHub\D7024E\network.go:115.18,116.15 1 0
C:\Users\Rickard\Documents\GitHub\D7024E\network.go:127.77,128.23 1 1
C:\Users\Rickard\Documents\GitHub\D7024E\network.go:128.23,130.3 1 1
C:\Users\Rickard\Documents\GitHub\D7024E\network.go:130.8,132.17 2 0
C:\Users\Rickard\Documents\GitHub\D7024E\network.go:135.3,137.108 2 0
C:\Users\Rickard\Documents\GitHub\D7024E\network.go:132.17,134.4 1 0
C:\Users\Rickard\Documents\GitHub\D7024E\network.go:137.108,139.4 1 0
C:\Users\Rickard\Documents\GitHub\D7024E\network.go:145.76,146.23 1 0
C:\Users\Rickard\Documents\GitHub\D7024E\network.go:146.23,148.3 1 0
C:\Users\Rickard\Documents\GitHub\D7024E\network.go:148.8,150.17 2 0
C:\Users\Rickard\Documents\GitHub\D7024E\network.go:153.3,155.100 2 0
C:\Users\Rickard\Documents\GitHub\D7024E\network.go:150.17,152.4 1 0
C:\Users\Rickard\Documents\GitHub\D7024E\network.go:155.100,157.4 1 0
C:\Users\Rickard\Documents\GitHub\D7024E\network.go:163.39,168.23 1 0
C:\Users\Rickard\Documents\GitHub\D7024E\network.go:168.23,170.37 2 0
C:\Users\Rickard\Documents\GitHub\D7024E\network.go:170.37,172.4 1 0
C:\Users\Rickard\Documents\GitHub\D7024E\network.go:173.8,175.37 2 0
C:\Users\Rickard\Documents\GitHub\D7024E\network.go:175.37,177.18 2 0
C:\Users\Rickard\Documents\GitHub\D7024E\network.go:180.4,182.102 2 0
C:\Users\Rickard\Documents\GitHub\D7024E\network.go:177.18,179.5 1 0
C:\Users\Rickard\Documents\GitHub\D7024E\network.go:182.102,184.5 1 0
C:\Users\Rickard\Documents\GitHub\D7024E\network.go:196.77,197.23 1 1
C:\Users\Rickard\Documents\GitHub\D7024E\network.go:197.23,200.37 3 1
C:\Users\Rickard\Documents\GitHub\D7024E\network.go:203.3,203.142 1 1
C:\Users\Rickard\Documents\GitHub\D7024E\network.go:200.37,202.4 1 1
C:\Users\Rickard\Documents\GitHub\D7024E\network.go:204.8,208.37 4 0
C:\Users\Rickard\Documents\GitHub\D7024E\network.go:211.3,211.17 1 0
C:\Users\Rickard\Documents\GitHub\D7024E\network.go:214.3,216.151 2 0
C:\Users\Rickard\Documents\GitHub\D7024E\network.go:208.37,210.4 1 0
C:\Users\Rickard\Documents\GitHub\D7024E\network.go:211.17,213.4 1 0
C:\Users\Rickard\Documents\GitHub\D7024E\network.go:216.151,218.4 1 0
C:\Users\Rickard\Documents\GitHub\D7024E\network.go:224.102,225.23 1 1
C:\Users\Rickard\Documents\GitHub\D7024E\network.go:225.23,227.3 1 1
C:\Users\Rickard\Documents\GitHub\D7024E\network.go:227.8,229.17 2 0
C:\Users\Rickard\Documents\GitHub\D7024E\network.go:232.3,234.100 2 0
C:\Users\Rickard\Documents\GitHub\D7024E\network.go:229.17,231.4 1 0
C:\Users\Rickard\Documents\GitHub\D7024E\network.go:234.100,236.4 1 0
C:\Users\Rickard\Documents\GitHub\D7024E\network.go:242.95,243.23 1 1
C:\Users\Rickard\Documents\GitHub\D7024E\network.go:243.23,245.3 1 1
C:\Users\Rickard\Documents\GitHub\D7024E\network.go:245.8,247.17 2 0
C:\Users\Rickard\Documents\GitHub\D7024E\network.go:250.3,252.106 2 0
C:\Users\Rickard\Documents\GitHub\D7024E\network.go:247.17,249.4 1 0
C:\Users\Rickard\Documents\GitHub\D7024E\network.go:252.106,254.4 1 0
C:\Users\Rickard\Documents\GitHub\D7024E\network.go:260.90,261.23 1 1
C:\Users\Rickard\Documents\GitHub\D7024E\network.go:261.23,264.3 2 1
C:\Users\Rickard\Documents\GitHub\D7024E\network.go:264.8,267.17 3 0
C:\Users\Rickard\Documents\GitHub\D7024E\network.go:270.3,272.129 2 0
C:\Users\Rickard\Documents\GitHub\D7024E\network.go:267.17,269.4 1 0
C:\Users\Rickard\Documents\GitHub\D7024E\network.go:272.129,274.4 1 0
C:\Users\Rickard\Documents\GitHub\D7024E\network.go:281.90,282.23 1 1
C:\Users\Rickard\Documents\GitHub\D7024E\network.go:282.23,285.3 2 1
C:\Users\Rickard\Documents\GitHub\D7024E\network.go:285.8,288.17 3 0
C:\Users\Rickard\Documents\GitHub\D7024E\network.go:291.3,293.103 2 0
C:\Users\Rickard\Documents\GitHub\D7024E\network.go:288.17,290.4 1 0
C:\Users\Rickard\Documents\GitHub\D7024E\network.go:293.103,295.4 1 0
C:\Users\Rickard\Documents\GitHub\D7024E\network.go:302.98,303.23 1 1
C:\Users\Rickard\Documents\GitHub\D7024E\network.go:303.23,306.3 2 1
C:\Users\Rickard\Documents\GitHub\D7024E\network.go:306.8,309.17 3 0
C:\Users\Rickard\Documents\GitHub\D7024E\network.go:312.3,314.111 2 0
C:\Users\Rickard\Documents\GitHub\D7024E\network.go:309.17,311.4 1 0
C:\Users\Rickard\Documents\GitHub\D7024E\network.go:314.111,316.4 1 0
C:\Users\Rickard\Documents\GitHub\D7024E\network.go:323.52,324.23 1 0
C:\Users\Rickard\Documents\GitHub\D7024E\network.go:324.23,326.3 1 0
C:\Users\Rickard\Documents\GitHub\D7024E\network.go:326.8,328.17 2 0
C:\Users\Rickard\Documents\GitHub\D7024E\network.go:331.3,333.79 2 0
C:\Users\Rickard\Documents\GitHub\D7024E\network.go:328.17,330.4 1 0
C:\Users\Rickard\Documents\GitHub\D7024E\network.go:333.79,335.4 1 0
C:\Users\Rickard\Documents\GitHub\D7024E\network.go:341.60,342.23 1 1
C:\Users\Rickard\Documents\GitHub\D7024E\network.go:342.23,344.3 1 1
C:\Users\Rickard\Documents\GitHub\D7024E\network.go:344.8,346.17 2 0
C:\Users\Rickard\Documents\GitHub\D7024E\network.go:349.3,351.87 2 0
C:\Users\Rickard\Documents\GitHub\D7024E\network.go:346.17,348.4 1 0
C:\Users\Rickard\Documents\GitHub\D7024E\network.go:351.87,353.4 1 0
C:\Users\Rickard\Documents\GitHub\D7024E\bucket.go:14.26,18.2 3 1
C:\Users\Rickard\Documents\GitHub\D7024E\bucket.go:22.51,24.55 2 1
C:\Users\Rickard\Documents\GitHub\D7024E\bucket.go:32.2,32.20 1 1
C:\Users\Rickard\Documents\GitHub\D7024E\bucket.go:24.55,27.34 2 1
C:\Users\Rickard\Documents\GitHub\D7024E\bucket.go:27.34,29.4 1 1
C:\Users\Rickard\Documents\GitHub\D7024E\bucket.go:32.20,33.37 1 1
C:\Users\Rickard\Documents\GitHub\D7024E\bucket.go:33.37,35.4 1 1
C:\Users\Rickard\Documents\GitHub\D7024E\bucket.go:36.8,38.3 1 1
C:\Users\Rickard\Documents\GitHub\D7024E\bucket.go:43.79,46.63 2 1
C:\Users\Rickard\Documents\GitHub\D7024E\bucket.go:52.2,52.17 1 1
C:\Users\Rickard\Documents\GitHub\D7024E\bucket.go:46.63,50.3 3 1
C:\Users\Rickard\Documents\GitHub\D7024E\bucket.go:56.33,58.2 1 1
C:\Users\Rickard\Documents\GitHub\D7024E\bucket.go:60.43,64.2 3 1
C:\Users\Rickard\Documents\GitHub\D7024E\contact.go:17.57,19.2 1 1
C:\Users\Rickard\Documents\GitHub\D7024E\contact.go:23.58,25.2 1 1
C:\Users\Rickard\Documents\GitHub\D7024E\contact.go:28.58,30.2 1 1
C:\Users\Rickard\Documents\GitHub\D7024E\contact.go:33.41,35.2 1 1
C:\Users\Rickard\Documents\GitHub\D7024E\contact.go:44.65,46.2 1 1
C:\Users\Rickard\Documents\GitHub\D7024E\contact.go:49.71,51.2 1 1
C:\Users\Rickard\Documents\GitHub\D7024E\contact.go:54.45,56.2 1 1
C:\Users\Rickard\Documents\GitHub\D7024E\contact.go:59.48,61.2 1 1
C:\Users\Rickard\Documents\GitHub\D7024E\contact.go:65.53,67.2 1 1
C:\Users\Rickard\Documents\GitHub\D7024E\contact.go:71.58,73.2 1 1
C:\Users\Rickard\Documents\GitHub\D7024E\kademliaid.go:16.45,20.32 3 1
C:\Users\Rickard\Documents\GitHub\D7024E\kademliaid.go:24.2,24.23 1 1
C:\Users\Rickard\Documents\GitHub\D7024E\kademliaid.go:20.32,22.3 1 1
C:\Users\Rickard\Documents\GitHub\D7024E\kademliaid.go:29.40,32.32 3 1
C:\Users\Rickard\Documents\GitHub\D7024E\kademliaid.go:35.2,35.23 1 1
C:\Users\Rickard\Documents\GitHub\D7024E\kademliaid.go:32.32,34.3 1 1
C:\Users\Rickard\Documents\GitHub\D7024E\kademliaid.go:39.69,40.32 1 1
C:\Users\Rickard\Documents\GitHub\D7024E\kademliaid.go:45.2,45.14 1 0
C:\Users\Rickard\Documents\GitHub\D7024E\kademliaid.go:40.32,41.42 1 1
C:\Users\Rickard\Documents\GitHub\D7024E\kademliaid.go:41.42,43.4 1 1
C:\Users\Rickard\Documents\GitHub\D7024E\kademliaid.go:49.71,50.32 1 1
C:\Users\Rickard\Documents\GitHub\D7024E\kademliaid.go:55.2,55.13 1 1
C:\Users\Rickard\Documents\GitHub\D7024E\kademliaid.go:50.32,51.42 1 1
C:\Users\Rickard\Documents\GitHub\D7024E\kademliaid.go:51.42,53.4 1 1
C:\Users\Rickard\Documents\GitHub\D7024E\kademliaid.go:60.75,62.32 2 1
C:\Users\Rickard\Documents\GitHub\D7024E\kademliaid.go:65.2,65.16 1 1
C:\Users\Rickard\Documents\GitHub\D7024E\kademliaid.go:62.32,64.3 1 1
C:\Users\Rickard\Documents\GitHub\D7024E\kademliaid.go:69.47,71.2 1 1
C:\Users\Rickard\Documents\GitHub\D7024E\routingtable.go:14.48,16.34 2 1
C:\Users\Rickard\Documents\GitHub\D7024E\routingtable.go:19.2,20.21 2 1
C:\Users\Rickard\Documents\GitHub\D7024E\routingtable.go:16.34,18.3 1 1
C:\Users\Rickard\Documents\GitHub\D7024E\routingtable.go:24.63,28.2 3 1
C:\Users\Rickard\Documents\GitHub\D7024E\routingtable.go:31.96,38.98 5 1
C:\Users\Rickard\Documents\GitHub\D7024E\routingtable.go:49.2,51.30 2 1
C:\Users\Rickard\Documents\GitHub\D7024E\routingtable.go:55.2,55.38 1 1
C:\Users\Rickard\Documents\GitHub\D7024E\routingtable.go:38.98,39.25 1 1
C:\Users\Rickard\Documents\GitHub\D7024E\routingtable.go:43.3,43.33 1 1
C:\Users\Rickard\Documents\GitHub\D7024E\routingtable.go:39.25,42.4 2 1
C:\Users\Rickard\Documents\GitHub\D7024E\routingtable.go:43.33,46.4 2 1
C:\Users\Rickard\Documents\GitHub\D7024E\routingtable.go:51.30,53.3 1 1
C:\Users\Rickard\Documents\GitHub\D7024E\routingtable.go:59.70,61.32 2 1
C:\Users\Rickard\Documents\GitHub\D7024E\routingtable.go:69.2,69.23 1 1
C:\Users\Rickard\Documents\GitHub\D7024E\routingtable.go:61.32,62.26 1 1
C:\Users\Rickard\Documents\GitHub\D7024E\routingtable.go:62.26,63.42 1 1
C:\Users\Rickard\Documents\GitHub\D7024E\routingtable.go:63.42,65.5 1 1
C:\Users\Rickard\Documents\GitHub\D7024E\store.go:7.28,12.2 4 1
C:\Users\Rickard\Documents\GitHub\D7024E\store.go:14.57,16.2 1 1
C:\Users\Rickard\Documents\GitHub\D7024E\store.go:18.49,20.23 2 1
C:\Users\Rickard\Documents\GitHub\D7024E\store.go:23.2,23.13 1 1
C:\Users\Rickard\Documents\GitHub\D7024E\store.go:20.23,22.3 1 1
C:\Users\Rickard\Documents\GitHub\D7024E\store.go:26.49,29.2 2 1
